<?xml version="1.0" encoding="UTF-8"?>
<testng-results skipped="0" failed="0" ignored="0" total="1" passed="1">
  <reporter-output>
  </reporter-output>
  <suite name="Default suite" duration-ms="183910" started-at="2021-04-19T22:47:36 IST" finished-at="2021-04-19T22:50:40 IST">
    <groups>
    </groups>
    <test name="Default test" duration-ms="183910" started-at="2021-04-19T22:47:36 IST" finished-at="2021-04-19T22:50:40 IST">
      <class name="Emptestcases.Myaccount">
        <test-method status="PASS" signature="setUp()[pri:0, instance:Emptestcases.Myaccount@1e6d1014]" name="setUp" is-config="true" duration-ms="31435" started-at="2021-04-19T22:47:36 IST" finished-at="2021-04-19T22:48:08 IST">
          <reporter-output>
          </reporter-output>
        </test-method> <!-- setUp -->
        <test-method status="PASS" signature="postAjob()[pri:1, instance:Emptestcases.Myaccount@1e6d1014]" name="postAjob" duration-ms="152376" started-at="2021-04-19T22:48:08 IST" finished-at="2021-04-19T22:50:40 IST">
          <reporter-output>
          </reporter-output>
        </test-method> <!-- postAjob -->
        <test-method status="PASS" signature="tearDown()[pri:0, instance:Emptestcases.Myaccount@1e6d1014]" name="tearDown" is-config="true" duration-ms="2" started-at="2021-04-19T22:50:40 IST" finished-at="2021-04-19T22:50:40 IST">
          <reporter-output>
          </reporter-output>
        </test-method> <!-- tearDown -->
      </class> <!-- Emptestcases.Myaccount -->
    </test> <!-- Default test -->
  </suite> <!-- Default suite -->
</testng-results>
